SELECT tpch.gen_query();
                 gen_query                 
-------------------------------------------
 Generated and stored 22 queries (scale=1)
(1 row)

SELECT count(*) FROM tpch.query;
 count 
-------
    22
(1 row)

SELECT query_id, length(query_text) > 0 AS has_text
  FROM tpch.query WHERE query_id IN (1, 11, 22) ORDER BY query_id;
 query_id | has_text 
----------+----------
        1 | t
       11 | t
       22 | t
(3 rows)

SELECT length(tpch.show(1)) > 0;
 ?column? 
----------
 t
(1 row)

